# JRE version: Java(TM) SE Runtime Environment (8.0_73-b02) (build 1.8.0_73-b02)
# Java VM: Java HotSpot(TM) Client VM (25.73-b02 mixed mode windows-x86 )
Heap:
 def new generation   total 10944K, used 7741K [0x03a00000, 0x045e0000, 0x08f50000)
  eden space 9728K,  67% used [0x03a00000, 0x0405f470, 0x04380000)
  from space 1216K,  99% used [0x04380000, 0x044afff8, 0x044b0000)
  to   space 1216K,   0% used [0x044b0000, 0x044b0000, 0x045e0000)
 tenured generation   total 24216K, used 18171K [0x08f50000, 0x0a6f6000, 0x13a00000)
   the space 24216K,  75% used [0x08f50000, 0x0a10ee10, 0x0a10f000, 0x0a6f6000)
 Metaspace       used 24818K, capacity 25124K, committed 25344K, reserved 25984K
GC Heap History (10 events):
Event: 10.310 GC heap before
{Heap before GC invocations=50 (full 3):
 def new generation   total 10944K, used 10800K [0x03a00000, 0x045e0000, 0x08f50000)
  eden space 9728K, 100% used [0x03a00000, 0x04380000, 0x04380000)
  from space 1216K,  88% used [0x044b0000, 0x045bc158, 0x045e0000)
  to   space 1216K,   0% used [0x04380000, 0x04380000, 0x044b0000)
 tenured generation   total 24216K, used 15480K [0x08f50000, 0x0a6f6000, 0x13a00000)
   the space 24216K,  63% used [0x08f50000, 0x09e6e0c0, 0x09e6e200, 0x0a6f6000)
 Metaspace       used 23114K, capacity 23425K, committed 23552K, reserved 23936K
Event: 10.313 GC heap after
Heap after GC invocations=51 (full 3):
 def new generation   total 10944K, used 1216K [0x03a00000, 0x045e0000, 0x08f50000)
  eden space 9728K,   0% used [0x03a00000, 0x03a00000, 0x04380000)
  from space 1216K, 100% used [0x04380000, 0x044b0000, 0x044b0000)
  to   space 1216K,   0% used [0x044b0000, 0x044b0000, 0x045e0000)
 tenured generation   total 24216K, used 17045K [0x08f50000, 0x0a6f6000, 0x13a00000)
   the space 24216K,  70% used [0x08f50000, 0x09ff54d0, 0x09ff5600, 0x0a6f6000)
 Metaspace       used 23114K, capacity 23425K, committed 23552K, reserved 23936K
}
Event: 10.394 GC heap before
{Heap before GC invocations=51 (full 3):
 def new generation   total 10944K, used 10944K [0x03a00000, 0x045e0000, 0x08f50000)
  eden space 9728K, 100% used [0x03a00000, 0x04380000, 0x04380000)
  from space 1216K, 100% used [0x04380000, 0x044b0000, 0x044b0000)
  to   space 1216K,   0% used [0x044b0000, 0x044b0000, 0x045e0000)
 tenured generation   total 24216K, used 17045K [0x08f50000, 0x0a6f6000, 0x13a00000)
   the space 24216K,  70% used [0x08f50000, 0x09ff54d0, 0x09ff5600, 0x0a6f6000)
 Metaspace       used 23416K, capacity 23716K, committed 23936K, reserved 23936K
Event: 10.397 GC heap after
Heap after GC invocations=52 (full 3):
 def new generation   total 10944K, used 1086K [0x03a00000, 0x045e0000, 0x08f50000)
  eden space 9728K,   0% used [0x03a00000, 0x03a00000, 0x04380000)
  from space 1216K,  89% used [0x044b0000, 0x045bf908, 0x045e0000)
  to   space 1216K,   0% used [0x04380000, 0x04380000, 0x044b0000)
 tenured generation   total 24216K, used 17182K [0x08f50000, 0x0a6f6000, 0x13a00000)
   the space 24216K,  70% used [0x08f50000, 0x0a017ae8, 0x0a017c00, 0x0a6f6000)
 Metaspace       used 23416K, capacity 23716K, committed 23936K, reserved 23936K
}
Event: 10.476 GC heap before
{Heap before GC invocations=52 (full 3):
 def new generation   total 10944K, used 10814K [0x03a00000, 0x045e0000, 0x08f50000)
  eden space 9728K, 100% used [0x03a00000, 0x04380000, 0x04380000)
  from space 1216K,  89% used [0x044b0000, 0x045bf908, 0x045e0000)
  to   space 1216K,   0% used [0x04380000, 0x04380000, 0x044b0000)
 tenured generation   total 24216K, used 17182K [0x08f50000, 0x0a6f6000, 0x13a00000)
   the space 24216K,  70% used [0x08f50000, 0x0a017ae8, 0x0a017c00, 0x0a6f6000)
 Metaspace       used 23729K, capacity 24036K, committed 24192K, reserved 24960K
Event: 10.480 GC heap after
Heap after GC invocations=53 (full 3):
 def new generation   total 10944K, used 846K [0x03a00000, 0x045e0000, 0x08f50000)
  eden space 9728K,   0% used [0x03a00000, 0x03a00000, 0x04380000)
  from space 1216K,  69% used [0x04380000, 0x04453ab0, 0x044b0000)
  to   space 1216K,   0% used [0x044b0000, 0x044b0000, 0x045e0000)
 tenured generation   total 24216K, used 17745K [0x08f50000, 0x0a6f6000, 0x13a00000)
   the space 24216K,  73% used [0x08f50000, 0x0a0a46a0, 0x0a0a4800, 0x0a6f6000)
 Metaspace       used 23729K, capacity 24036K, committed 24192K, reserved 24960K
}
Event: 10.565 GC heap before
{Heap before GC invocations=53 (full 3):
 def new generation   total 10944K, used 10574K [0x03a00000, 0x045e0000, 0x08f50000)
  eden space 9728K, 100% used [0x03a00000, 0x04380000, 0x04380000)
  from space 1216K,  69% used [0x04380000, 0x04453ab0, 0x044b0000)
  to   space 1216K,   0% used [0x044b0000, 0x044b0000, 0x045e0000)
 tenured generation   total 24216K, used 17745K [0x08f50000, 0x0a6f6000, 0x13a00000)
   the space 24216K,  73% used [0x08f50000, 0x0a0a46a0, 0x0a0a4800, 0x0a6f6000)
 Metaspace       used 23748K, capacity 24046K, committed 24192K, reserved 24960K
Event: 10.568 GC heap after
Heap after GC invocations=54 (full 3):
 def new generation   total 10944K, used 339K [0x03a00000, 0x045e0000, 0x08f50000)
  eden space 9728K,   0% used [0x03a00000, 0x03a00000, 0x04380000)
  from space 1216K,  27% used [0x044b0000, 0x04504d50, 0x045e0000)
  to   space 1216K,   0% used [0x04380000, 0x04380000, 0x044b0000)
 tenured generation   total 24216K, used 18082K [0x08f50000, 0x0a6f6000, 0x13a00000)
   the space 24216K,  74% used [0x08f50000, 0x0a0f8bf0, 0x0a0f8c00, 0x0a6f6000)
 Metaspace       used 23748K, capacity 24046K, committed 24192K, reserved 24960K
}
Event: 25.621 GC heap before
{Heap before GC invocations=54 (full 3):
 def new generation   total 10944K, used 10067K [0x03a00000, 0x045e0000, 0x08f50000)
  eden space 9728K, 100% used [0x03a00000, 0x04380000, 0x04380000)
  from space 1216K,  27% used [0x044b0000, 0x04504d50, 0x045e0000)
  to   space 1216K,   0% used [0x04380000, 0x04380000, 0x044b0000)
 tenured generation   total 24216K, used 18082K [0x08f50000, 0x0a6f6000, 0x13a00000)
   the space 24216K,  74% used [0x08f50000, 0x0a0f8bf0, 0x0a0f8c00, 0x0a6f6000)
 Metaspace       used 24476K, capacity 24826K, committed 24960K, reserved 24960K
Event: 25.624 GC heap after
Heap after GC invocations=55 (full 3):
 def new generation   total 10944K, used 1215K [0x03a00000, 0x045e0000, 0x08f50000)
  eden space 9728K,   0% used [0x03a00000, 0x03a00000, 0x04380000)
  from space 1216K,  99% used [0x04380000, 0x044afff8, 0x044b0000)
  to   space 1216K,   0% used [0x044b0000, 0x044b0000, 0x045e0000)
 tenured generation   total 24216K, used 18171K [0x08f50000, 0x0a6f6000, 0x13a00000)
   the space 24216K,  75% used [0x08f50000, 0x0a10ee10, 0x0a10f000, 0x0a6f6000)
 Metaspace       used 24476K, capacity 24826K, committed 24960K, reserved 24960K
}

